{
  "0 debug pnpm:scope": {
    "selected": 1,
    "workspacePrefix": "/home/regibyte/code/personal/memory-app"
  },
  "1 error pnpm": {
    "errno": 1,
    "code": "ELIFECYCLE",
    "pkgid": "graph-runtime@0.1.0",
    "stage": "dev",
    "script": "wasm-pack build --target web",
    "pkgname": "graph-runtime",
    "err": {
      "name": "pnpm",
      "message": "graph-runtime@0.1.0 dev: `wasm-pack build --target web`\nExit status 1",
      "code": "ELIFECYCLE",
      "stack": "pnpm: graph-runtime@0.1.0 dev: `wasm-pack build --target web`\nExit status 1\n    at EventEmitter.<anonymous> (/home/regibyte/.nvm/versions/node/v16.14.2/pnpm-global/5/node_modules/.pnpm/pnpm@6.32.8/node_modules/pnpm/dist/pnpm.cjs:105794:20)\n    at EventEmitter.emit (node:events:527:28)\n    at ChildProcess.<anonymous> (/home/regibyte/.nvm/versions/node/v16.14.2/pnpm-global/5/node_modules/.pnpm/pnpm@6.32.8/node_modules/pnpm/dist/pnpm.cjs:92355:18)\n    at ChildProcess.emit (node:events:527:28)\n    at maybeClose (node:internal/child_process:1090:16)\n    at Process.ChildProcess._handle.onexit (node:internal/child_process:302:5)"
    }
  }
}